<?xml version="1.0" encoding="UTF-8"?>
<!-- Generated by org.testng.reporters.JUnitReportReporter -->
<testsuite skipped="0" hostname="Paresis-MacBook-Air-2.local" name="example.TestngAnnotations" tests="3" failures="0" timestamp="2019-10-30T10:33:46 EDT" time="0.014" errors="0">
  <testcase name="testCase3" time="0.003" classname="example.TestngAnnotations"/>
  <testcase name="testCase1" time="0.008" classname="example.TestngAnnotations"/>
  <testcase name="testCase2" time="0.003" classname="example.TestngAnnotations"/>
</testsuite> <!-- example.TestngAnnotations -->
