<?xml version="1.0" encoding="UTF-8"?>
<!-- Generated by org.testng.reporters.JUnitReportReporter -->
<testsuite skipped="0" hostname="Paresis-MacBook-Air-2.local" name="example.FirstExampleSearchTestNG" tests="1" failures="0" timestamp="2019-10-30T10:40:29 EDT" time="16.042" errors="0">
  <testcase name="testGoogleSearch" time="16.042" classname="example.FirstExampleSearchTestNG"/>
</testsuite> <!-- example.FirstExampleSearchTestNG -->
